#
# There is insufficient memory for the Java Runtime Environment to continue.
# Native memory allocation (mmap) failed to map 264241152 bytes for Failed to commit area from 0x0000000704000000 to 0x0000000713c00000 of length 264241152.
# Possible reasons:
#   The system is out of physical RAM or swap space
#   The process is running with CompressedOops enabled, and the Java Heap may be blocking the growth of the native heap
# Possible solutions:
#   Reduce memory load on the system
#   Increase physical memory or swap space
#   Check if swap backing store is full
#   Decrease Java heap size (-Xmx/-Xms)
#   Decrease number of Java threads
#   Decrease Java thread stack sizes (-Xss)
#   Set larger code cache with -XX:ReservedCodeCacheSize=
# This output file may be truncated or incomplete.
#
#  Out of Memory Error (./src/hotspot/os/windows/os_windows.cpp:3386), pid=6300, tid=25480
#
# JRE version:  (11.0.16.1+1) (build )
# Java VM: OpenJDK 64-Bit Server VM (11.0.16.1+1-LTS, mixed mode, sharing, tiered, compressed oops, g1 gc, windows-amd64)
# No core dump will be written. Minidumps are not enabled by default on client versions of Windows
#

---------------  S U M M A R Y ------------

Command Line: 

Host: 11th Gen Intel(R) Core(TM) i7-11800H @ 2.30GHz, 16 cores, 15G,  Windows 11 , 64 bit Build 22000 (10.0.22000.1880)
Time: Sun May 21 09:02:24 2023 Stindows 11 , 64 bit Build 22000 (10.0.22000.1880) elapsed time: 0.006127 seconds (0d 0h 0m 0s)

---------------  T H R E A D  ---------------

Current thread (0x0000023e8e329800):  JavaThread "Unknown thread" [_thread_in_vm, id=25480, stack(0x000000e3f0f00000,0x000000e3f1000000)]

Stack: [0x000000e3f0f00000,0x000000e3f1000000]
Native frames: (J=compiled Java code, j=interpreted, Vv=VM code, C=native code)
V  [jvm.dll+0x62652a]
V  [jvm.dll+0x7b3249]
V  [jvm.dll+0x7b4938]
V  [jvm.dll+0x7b5013]
V  [jvm.dll+0x24fca8]
V  [jvm.dll+0x62383a]
V  [jvm.dll+0x617fe5]
V  [jvm.dll+0x307bac]
V  [jvm.dll+0x307a32]
V  [jvm.dll+0x30c746]
V  [jvm.dll+0x352b9f]
V  [jvm.dll+0x3525d0]
V  [jvm.dll+0x2e4ba8]
V  [jvm.dll+0x2e5d06]
V  [jvm.dll+0x78d097]
V  [jvm.dll+0x78e81f]
V  [jvm.dll+0x35f8e9]
V  [jvm.dll+0x770000]
V  [jvm.dll+0x3cd40f]
V  [jvm.dll+0x3cf7a1]
C  [jli.dll+0x5207]
C  [ucrtbase.dll+0x26c0c]
C  [KERNEL32.DLL+0x155a0]
C  [ntdll.dll+0x485b]


---------------  P R O C E S S  ---------------

Threads class SMR info:
_java_thread_list=0x0000023e8c0b05c0, length=0, elements={
}

Java Threads: ( => current thread )

Other Threads:
  0x0000023e8e341800 GCTaskThread "GC Thread#0" [stack: 0x000000e3f1000000,0x000000e3f1100000] [id=23936]
  0x0000023e8e3a1000 ConcurrentGCThread "G1 Main Marker" [stack: 0x000000e3f1100000,0x000000e3f1200000] [id=2832]
  0x0000023e8e3a3000 ConcurrentGCThread "G1 Conc#0" [stack: 0x000000e3f1200000,0x000000e3f1300000] [id=9396]

[error occurred during error reporting (printing all threads), id 0xc0000005, EXCEPTION_ACCESS_VIOLATION (0xc0000005) at pc=0x00007ff918224377]

VM state:not at safepoint (not fully initialized)

VM Mutex/Monitor currently owned by a thread:  ([mutex/lock_event])
[0x0000023e8e326680] Heap_lock - owner thread: 0x0000023e8e329800

Heap address: 0x0000000704000000, size: 4032 MB, Compressed Oops mode: Non-zero based: 0x0000000704000000
Narrow klass base: 0x0000000000000000, Narrow klass shift: 0

GC Heap History (0 events):
No events

Deoptimization events (0 events):
No events

Classes redefined (0 events):
No events

Internal exceptions (0 events):
No events

Events (1 events):
Event: 0.004 Loaded shared library C:\Program Files\Microsoft\jdk-11.0.16.101-hotspot\bin\zip.dll


Dynamic libraries:
0x00007ff6182b0000 - 0x00007ff6182bd000 	C:\Program Files\Microsoft\jdk-11.0.16.101-hotspot\bin\java.exe
0x00007ff9ed2a0000 - 0x00007ff9ed4a9000 	C:\Windows\SYSTEM32\ntdll.dll
0x00007ff9ec590000 - 0x00007ff9ec64e000 	C:\Windows\System32\KERNEL32.DLL
0x00007ff9eaa50000 - 0x00007ff9eadd4000 	C:\Windows\System32\KERNELBASE.dll
0x00007ff9ea7c0000 - 0x00007ff9ea8d1000 	C:\Windows\System32\ucrtbase.dll
0x00007ff98cd30000 - 0x00007ff98cd47000 	C:\Program Files\Microsoft\jdk-11.0.16.101-hotspot\bin\jli.dll
0x00007ff99d670000 - 0x00007ff99d685000 	C:\Program Files\Microsoft\jdk-11.0.16.101-hotspot\bin\VCRUNTIME140.dll
0x00007ff9ec2f0000 - 0x00007ff9ec49d000 	C:\Windows\System32\USER32.dll
0x00007ff9c1b60000 - 0x00007ff9c1e05000 	C:\Windows\WinSxS\amd64_microsoft.windows.common-controls_6595b64144ccf1df_6.0.22000.120_none_9d947278b86cc467\COMCTL32.dll
0x00007ff9eaf80000 - 0x00007ff9eafa6000 	C:\Windows\System32\win32u.dll
0x00007ff9ec4b0000 - 0x00007ff9ec4da000 	C:\Windows\System32\GDI32.dll
0x00007ff9ec240000 - 0x00007ff9ec2e3000 	C:\Windows\System32\msvcrt.dll
0x00007ff9eae60000 - 0x00007ff9eaf7f000 	C:\Windows\System32\gdi32full.dll
0x00007ff9eafb0000 - 0x00007ff9eb04d000 	C:\Windows\System32\msvcp_win.dll
0x00007ff9ecfe0000 - 0x00007ff9ed011000 	C:\Windows\System32\IMM32.DLL
0x00007ff958be0000 - 0x00007ff958c7b000 	C:\Program Files\Microsoft\jdk-11.0.16.101-hotspot\bin\msvcp140.dll
0x00007ff917f30000 - 0x00007ff918aba000 	C:\Program Files\Microsoft\jdk-11.0.16.101-hotspot\bin\server\jvm.dll
0x00007ff9ecac0000 - 0x00007ff9ecb6f000 	C:\Windows\System32\ADVAPI32.dll
0x00007ff9ec100000 - 0x00007ff9ec19e000 	C:\Windows\System32\sechost.dll
0x00007ff9ebfd0000 - 0x00007ff9ec0f1000 	C:\Windows\System32\RPCRT4.dll
0x00007ff9ec4a0000 - 0x00007ff9ec4a8000 	C:\Windows\System32\PSAPI.DLL
0x00007ff9d46c0000 - 0x00007ff9d46c9000 	C:\Windows\SYSTEM32\WSOCK32.dll
0x00007ff9e8040000 - 0x00007ff9e8073000 	C:\Windows\SYSTEM32\WINMM.dll
0x00007ff9e0ee0000 - 0x00007ff9e0eea000 	C:\Windows\SYSTEM32\VERSION.dll
0x00007ff9eb130000 - 0x00007ff9eb19f000 	C:\Windows\System32\WS2_32.dll
0x00007ff9e98c0000 - 0x00007ff9e98d8000 	C:\Windows\SYSTEM32\kernel.appcore.dll
0x00007ff9bc9a0000 - 0x00007ff9bc9b0000 	C:\Program Files\Microsoft\jdk-11.0.16.101-hotspot\bin\verify.dll
0x00007ff9e7d00000 - 0x00007ff9e7f21000 	C:\Windows\SYSTEM32\DBGHELP.DLL
0x00007ff9e7cc0000 - 0x00007ff9e7cf1000 	C:\Windows\SYSTEM32\dbgcore.DLL
0x00007ff9eade0000 - 0x00007ff9eae5f000 	C:\Windows\System32\bcryptPrimitives.dll
0x00007ff95aa20000 - 0x00007ff95aa48000 	C:\Program Files\Microsoft\jdk-11.0.16.101-hotspot\bin\java.dll
0x00007ff9bc690000 - 0x00007ff9bc69a000 	C:\Program Files\Microsoft\jdk-11.0.16.101-hotspot\bin\jimage.dll
0x00007ff98ccf0000 - 0x00007ff98cd08000 	C:\Program Files\Microsoft\jdk-11.0.16.101-hotspot\bin\zip.dll

dbghelp: loaded successfully - version: 4.0.5 - missing functions: none
symbol engine: initialized successfully - sym options: 0x614 - pdb path: .;C:\Program Files\Microsoft\jdk-11.0.16.101-hotspot\bin;C:\Windows\SYSTEM32;C:\Windows\WinSxS\amd64_microsoft.windows.common-controls_6595b64144ccf1df_6.0.22000.120_none_9d947278b86cc467;C:\Program Files\Microsoft\jdk-11.0.16.101-hotspot\bin\server

VM Arguments:
java_command: <unknown>
java_class_path (initial): <not set>
Launcher Type: SUN_STANDARD

[Global flags]
     intx CICompilerCount                          = 12                                        {product} {ergonomic}
     uint ConcGCThreads                            = 3                                         {product} {ergonomic}
     uint G1ConcRefinementThreads                  = 13                                        {product} {ergonomic}
   size_t G1HeapRegionSize                         = 1048576                                   {product} {ergonomic}
    uintx GCDrainStackTargetSize                   = 64                                        {product} {ergonomic}
   size_t InitialHeapSize                          = 264241152                                 {product} {ergonomic}
   size_t MarkStackSize                            = 4194304                                   {product} {ergonomic}
   size_t MaxHeapSize                              = 4227858432                                {product} {ergonomic}
   size_t MinHeapDeltaBytes                        = 1048576                                   {product} {ergonomic}
    uintx NonNMethodCodeHeapSize                   = 7594288                                {pd product} {ergonomic}
    uintx NonProfiledCodeHeapSize                  = 122031976                              {pd product} {ergonomic}
    uintx ProfiledCodeHeapSize                     = 122031976                              {pd product} {ergonomic}
    uintx ReservedCodeCacheSize                    = 251658240                              {pd product} {ergonomic}
     bool SegmentedCodeCache                       = true                                      {product} {ergonomic}
     bool UseCompressedClassPointers               = true                                 {lp64_product} {ergonomic}
     bool UseCompressedOops                        = true                                 {lp64_product} {ergonomic}
     bool UseG1GC                                  = true                                      {product} {ergonomic}
     bool UseLargePagesIndividualAllocation        = false                                  {pd product} {ergonomic}

Logging:
Log output configuration:
 #0: stdout all=warning uptime,level,tags
 #1: stderr all=off uptime,level,tags

Environment Variables:
PATH=C:\Program Files\Microsoft\jdk-11.0.16.101-hotspot\bin;C:\ActiveTcl\bin;C:\Windows\system32;C:\Windows;C:\Windows\System32\Wbem;C:\Windows\System32\WindowsPowerShell\v1.0\;C:\Windows\System32\OpenSSH\;C:\Program Files (x86)\NVIDIA Corporation\PhysX\Common;C:\Program Files\NVIDIA Corporation\NVIDIA NvDLISR;C:\Program Files\dotnet\;C:\Program Files\Microsoft SQL Server\150\Tools\Binn\;C:\Program Files\Microsoft SQL Server\Client SDK\ODBC\170\Tools\Binn\;C:\Users\forki\AppData\Local\activestate\cache\bin;C:\Users\forki\AppData\Local\ActiveState\StateTool\release\bin;C:\Users\forki\AppData\Local\Microsoft\WindowsApps;C:\Users\forki\AppData\Local\GitHubDesktop\bin;C:\Users\forki\.dotnet\tools
USERNAME=forki
OS=Windows_NT
PROCESSOR_IDENTIFIER=Intel64 Family 6 Model 141 Stepping 1, GenuineIntel
TMP=C:\Users\forki\AppData\Local\Temp
TEMP=C:\Users\forki\AppData\Local\Temp



---------------  S Y S T E M  ---------------

OS: Windows 11 , 64 bit Build 22000 (10.0.22000.1880)
OS uptime: 6 days 15:54 hours
Hyper-V role detected

CPU:total 16 (initial active 16) (8 cores per cpu, 2 threads per core) family 6 model 141 stepping 1 microcode 0x3e, cmov, cx8, fxsr, mmx, sse, sse2, sse3, ssse3, sse4.1, sse4.2, popcnt, avx, avx2, aes, clmul, erms, 3dnowpref, lzcnt, ht, tsc, tscinvbit, bmi1, bmi2, adx, evex, sha, fma

Memory: 4k page, system-wide physical 16122M (6147M free)
TotalPageFile size 65274M (AvailPageFile size 225M)
current process WorkingSet (physical memory assigned to process): 10M, peak: 10M
current process commit charge ("private bytes"): 71M, peak: 323M

vm_info: OpenJDK 64-Bit Server VM (11.0.16.1+1-LTS) for windows-amd64 JRE (11.0.16.1+1-LTS), built on Aug 20 2022 20:09:04 by "" with MS VC++ 15.9 (VS2017)

END.
